# JRE version: Java(TM) SE Runtime Environment (19.0.2+7) (build 19.0.2+7-44)
# Java VM: Java HotSpot(TM) 64-Bit Server VM (19.0.2+7-44, mixed mode, sharing, tiered, compressed oops, compressed class ptrs, g1 gc, windows-amd64)
GC Precious Log:
 CardTable entry size: 512
 Card Set container configuration: InlinePtr #cards 4 size 8 Array Of Cards #cards 16 size 48 Howl #buckets 8 coarsen threshold 3686 Howl Bitmap #cards 512 size 80 coarsen threshold 460 Card regions per heap region 1 cards per card region 4096
 CPUs: 8 total, 8 available
 Memory: 12185M
 Large Page Support: Disabled
 NUMA Support: Disabled
 Compressed Oops: Enabled (Zero based)
 Heap Region Size: 2M
 Heap Min Capacity: 8M
 Heap Initial Capacity: 192M
 Heap Max Capacity: 3048M
 Pre-touch: Disabled
 Parallel Workers: 8
 Concurrent Workers: 2
 Concurrent Refinement Workers: 8
 Periodic GC: Disabled
Heap:
 garbage-first heap   total 233472K, used 134171K [0x0000000741800000, 0x0000000800000000)
  region size 2048K, 36 young (73728K), 2 survivors (4096K)
 Metaspace       used 34903K, committed 35328K, reserved 1114112K
  class space    used 3833K, committed 4032K, reserved 1048576K
GC Heap History (18 events):
Event: 0.596 GC heap before
{Heap before GC invocations=0 (full 0):
 garbage-first heap   total 196608K, used 22528K [0x0000000741800000, 0x0000000800000000)
  region size 2048K, 11 young (22528K), 0 survivors (0K)
 Metaspace       used 5719K, committed 5952K, reserved 1114112K
  class space    used 646K, committed 768K, reserved 1048576K
}
Event: 0.600 GC heap after
{Heap after GC invocations=1 (full 0):
 garbage-first heap   total 196608K, used 3777K [0x0000000741800000, 0x0000000800000000)
  region size 2048K, 2 young (4096K), 2 survivors (4096K)
 Metaspace       used 5719K, committed 5952K, reserved 1114112K
  class space    used 646K, committed 768K, reserved 1048576K
}
Event: 1.104 GC heap before
{Heap before GC invocations=1 (full 0):
 garbage-first heap   total 196608K, used 34497K [0x0000000741800000, 0x0000000800000000)
  region size 2048K, 17 young (34816K), 2 survivors (4096K)
 Metaspace       used 10219K, committed 10368K, reserved 1114112K
  class space    used 1183K, committed 1280K, reserved 1048576K
}
Event: 1.109 GC heap after
{Heap after GC invocations=2 (full 0):
 garbage-first heap   total 196608K, used 5621K [0x0000000741800000, 0x0000000800000000)
  region size 2048K, 1 young (2048K), 1 survivors (2048K)
 Metaspace       used 10219K, committed 10368K, reserved 1114112K
  class space    used 1183K, committed 1280K, reserved 1048576K
}
Event: 2.756 GC heap before
{Heap before GC invocations=2 (full 0):
 garbage-first heap   total 196608K, used 120309K [0x0000000741800000, 0x0000000800000000)
  region size 2048K, 57 young (116736K), 1 survivors (2048K)
 Metaspace       used 16439K, committed 16640K, reserved 1114112K
  class space    used 1804K, committed 1920K, reserved 1048576K
}
Event: 2.771 GC heap after
{Heap after GC invocations=3 (full 0):
 garbage-first heap   total 196608K, used 18729K [0x0000000741800000, 0x0000000800000000)
  region size 2048K, 8 young (16384K), 8 survivors (16384K)
 Metaspace       used 16439K, committed 16640K, reserved 1114112K
  class space    used 1804K, committed 1920K, reserved 1048576K
}
Event: 3.927 GC heap before
{Heap before GC invocations=3 (full 0):
 garbage-first heap   total 196608K, used 98601K [0x0000000741800000, 0x0000000800000000)
  region size 2048K, 46 young (94208K), 8 survivors (16384K)
 Metaspace       used 21164K, committed 21504K, reserved 1114112K
  class space    used 2326K, committed 2432K, reserved 1048576K
}
Event: 3.942 GC heap after
{Heap after GC invocations=4 (full 0):
 garbage-first heap   total 196608K, used 30503K [0x0000000741800000, 0x0000000800000000)
  region size 2048K, 5 young (10240K), 5 survivors (10240K)
 Metaspace       used 21164K, committed 21504K, reserved 1114112K
  class space    used 2326K, committed 2432K, reserved 1048576K
}
Event: 5.278 GC heap before
{Heap before GC invocations=5 (full 0):
 garbage-first heap   total 116736K, used 89895K [0x0000000741800000, 0x0000000800000000)
  region size 2048K, 34 young (69632K), 5 survivors (10240K)
 Metaspace       used 27434K, committed 27840K, reserved 1114112K
  class space    used 3023K, committed 3200K, reserved 1048576K
}
Event: 5.294 GC heap after
{Heap after GC invocations=6 (full 0):
 garbage-first heap   total 116736K, used 42205K [0x0000000741800000, 0x0000000800000000)
  region size 2048K, 5 young (10240K), 5 survivors (10240K)
 Metaspace       used 27434K, committed 27840K, reserved 1114112K
  class space    used 3023K, committed 3200K, reserved 1048576K
}
Event: 5.319 GC heap before
{Heap before GC invocations=6 (full 0):
 garbage-first heap   total 116736K, used 44253K [0x0000000741800000, 0x0000000800000000)
  region size 2048K, 6 young (12288K), 5 survivors (10240K)
 Metaspace       used 27501K, committed 27840K, reserved 1114112K
  class space    used 3037K, committed 3200K, reserved 1048576K
}
Event: 5.328 GC heap after
{Heap after GC invocations=7 (full 0):
 garbage-first heap   total 116736K, used 44789K [0x0000000741800000, 0x0000000800000000)
  region size 2048K, 1 young (2048K), 1 survivors (2048K)
 Metaspace       used 27501K, committed 27840K, reserved 1114112K
  class space    used 3037K, committed 3200K, reserved 1048576K
}
Event: 5.975 GC heap before
{Heap before GC invocations=7 (full 0):
 garbage-first heap   total 116736K, used 81653K [0x0000000741800000, 0x0000000800000000)
  region size 2048K, 20 young (40960K), 1 survivors (2048K)
 Metaspace       used 30069K, committed 30528K, reserved 1114112K
  class space    used 3336K, committed 3520K, reserved 1048576K
}
Event: 5.978 GC heap after
{Heap after GC invocations=8 (full 0):
 garbage-first heap   total 116736K, used 44352K [0x0000000741800000, 0x0000000800000000)
  region size 2048K, 1 young (2048K), 1 survivors (2048K)
 Metaspace       used 30069K, committed 30528K, reserved 1114112K
  class space    used 3336K, committed 3520K, reserved 1048576K
}
Event: 6.289 GC heap before
{Heap before GC invocations=8 (full 0):
 garbage-first heap   total 116736K, used 87360K [0x0000000741800000, 0x0000000800000000)
  region size 2048K, 22 young (45056K), 1 survivors (2048K)
 Metaspace       used 30133K, committed 30592K, reserved 1114112K
  class space    used 3337K, committed 3584K, reserved 1048576K
}
Event: 6.304 GC heap after
{Heap after GC invocations=9 (full 0):
 garbage-first heap   total 116736K, used 60538K [0x0000000741800000, 0x0000000800000000)
  region size 2048K, 3 young (6144K), 3 survivors (6144K)
 Metaspace       used 30133K, committed 30592K, reserved 1114112K
  class space    used 3337K, committed 3584K, reserved 1048576K
}
Event: 6.497 GC heap before
{Heap before GC invocations=9 (full 0):
 garbage-first heap   total 116736K, used 85114K [0x0000000741800000, 0x0000000800000000)
  region size 2048K, 15 young (30720K), 3 survivors (6144K)
 Metaspace       used 30149K, committed 30592K, reserved 1114112K
  class space    used 3337K, committed 3584K, reserved 1048576K
}
Event: 6.508 GC heap after
{Heap after GC invocations=10 (full 0):
 garbage-first heap   total 233472K, used 68635K [0x0000000741800000, 0x0000000800000000)
  region size 2048K, 2 young (4096K), 2 survivors (4096K)
 Metaspace       used 30149K, committed 30592K, reserved 1114112K
  class space    used 3337K, committed 3584K, reserved 1048576K
}

